### Signup Screen
    -> Added Password Validation Indicator 
    -> Added conditonal rendering for Password Validation Indicator 
    -> User Registeration Implemented

### Index Screen
    -> Index Initial Design Implemented
    -> Horizontal FlatList Added which shows the top menu items (network fetch data)
    -> Automatically start fetching the main menu for search screen, Will localize the response
    -> Activity Indicator added so user know whats happening needs a better way.

### Search Screen
    -> Had loads of bugs fixed it    

### CustomInput Component
    -> Added labels
    -> Added conditonal rendering for labels
    -> Dynamic sizing & pricing frontend partially pending
### Cart Functionalies
    -> Can add customizations in cart
    -> Better Keys for FlatList in cart
    -> Multiple entries of same item with different customization is doable
    -> Add, remove, update quantity and customization in cart
    -> Fixed cart total calculations & cart.store.ts

Checkout Screen 
    -> User Can add new address (database will track)
    -> User can select payment options

### Custom Product Screen
    -> Menu Card lead to the screen
    -> Dynamic Details and routing
    -> Extra(Customizations) can be added
    -> Direct Link to cart from screen
    -> Added like functionality (mentioning just now)

### Profile 
    -> User can log out. 

### Problems 
Sizes are yet to be aligned properly ✅
Extras(Customizations) UI in customProduct screen need fixing ✅
Sized Based Pricing --- need to implement
Sizes are yet to be implemented in database ADD IN NEXT SEEDIGN OPERATION(were not in orignal plan)
Cart Button Indication or some other indication is current product is added to cart
    Idea 1 -> make add to cart make a popup that takes size while quantity is mentioned 1 by default
    Idea 2 -> make quantity bar appear upon add to cart
    Take -> Both will introduce a new step while adding to cart but on the other hand it can be skipped using Menu Card Component 
No database tracking for likes, reviews, yet 
No orders implementations yet next thing now.

### Gotchas
Always push before adding new packages.